{"lib/node/scaleMaker.js":{"path":"lib/node/scaleMaker.js","s":{"1":1,"2":1,"3":1,"4":1,"5":1,"6":1,"7":1,"8":1,"9":1,"10":1,"11":1,"12":1,"13":1,"14":1,"15":1,"16":43,"17":43,"18":1,"19":20,"20":1,"21":24,"22":24,"23":1,"24":12,"25":1,"26":54,"27":1,"28":109,"29":109,"30":109,"31":109,"32":1,"33":91,"34":1,"35":25,"36":25,"37":1,"38":21,"39":21,"40":11,"41":10,"42":1,"43":1,"44":1,"45":12,"46":12,"47":1,"48":1,"49":22,"50":3,"51":19,"52":19,"53":19,"54":19,"55":1,"56":11,"57":1,"58":10,"59":1,"60":9,"61":1,"62":8,"63":1,"64":7,"65":1,"66":6,"67":6,"68":6,"69":6,"70":6,"71":86,"72":86,"73":86,"74":86,"75":86,"76":6,"77":1,"78":8,"79":1,"80":7,"81":1,"82":6,"83":1,"84":5,"85":1,"86":4,"87":1},"b":{"1":[43,38],"2":[24,21],"3":[12,9],"4":[54,49,48],"5":[2,107],"6":[1,108],"7":[11,10],"8":[21,20],"9":[12,0],"10":[3,19],"11":[19,0],"12":[8,11],"13":[19,0],"14":[1,10],"15":[1,9],"16":[1,8],"17":[1,7],"18":[1,6],"19":[44,42],"20":[1,7],"21":[1,6],"22":[1,5],"23":[1,4]},"f":{"1":1,"2":1,"3":43,"4":20,"5":24,"6":12,"7":54,"8":109,"9":91,"10":25,"11":21,"12":1,"13":22,"14":11,"15":8},"fnMap":{"1":{"name":"(anonymous_1)","line":1,"loc":{"start":{"line":1,"column":18},"end":{"line":1,"column":30}}},"2":{"name":"getNthRoot","line":39,"loc":{"start":{"line":39,"column":2},"end":{"line":39,"column":33}}},"3":{"name":"isValidNoteName","line":48,"loc":{"start":{"line":48,"column":2},"end":{"line":48,"column":38}}},"4":{"name":"isScaleTypeDefined","line":58,"loc":{"start":{"line":58,"column":2},"end":{"line":58,"column":42}}},"5":{"name":"isValidScaleName","line":66,"loc":{"start":{"line":66,"column":2},"end":{"line":66,"column":40}}},"6":{"name":"isValidScaleDefinition","line":76,"loc":{"start":{"line":76,"column":2},"end":{"line":76,"column":45}}},"7":{"name":"isPositiveIntegerGreaterThanZero","line":84,"loc":{"start":{"line":84,"column":2},"end":{"line":84,"column":52}}},"8":{"name":"getNoteByInterval","line":91,"loc":{"start":{"line":91,"column":2},"end":{"line":91,"column":51}}},"9":{"name":"getCentsByInterval","line":104,"loc":{"start":{"line":104,"column":2},"end":{"line":104,"column":41}}},"10":{"name":"getIntervalFromA4","line":112,"loc":{"start":{"line":112,"column":2},"end":{"line":112,"column":48}}},"11":{"name":"getIntervalAdjustment","line":131,"loc":{"start":{"line":131,"column":2},"end":{"line":131,"column":47}}},"12":{"name":"getScaleNames","line":147,"loc":{"start":{"line":147,"column":2},"end":{"line":147,"column":28}}},"13":{"name":"getNote","line":164,"loc":{"start":{"line":164,"column":2},"end":{"line":164,"column":32}}},"14":{"name":"makeScale","line":188,"loc":{"start":{"line":188,"column":2},"end":{"line":188,"column":55}}},"15":{"name":"addScale","line":240,"loc":{"start":{"line":240,"column":2},"end":{"line":240,"column":37}}}},"statementMap":{"1":{"start":{"line":1,"column":0},"end":{"line":280,"column":5}},"2":{"start":{"line":11,"column":2},"end":{"line":20,"column":21}},"3":{"start":{"line":25,"column":2},"end":{"line":25,"column":28}},"4":{"start":{"line":26,"column":2},"end":{"line":26,"column":28}},"5":{"start":{"line":27,"column":2},"end":{"line":27,"column":42}},"6":{"start":{"line":28,"column":2},"end":{"line":28,"column":46}},"7":{"start":{"line":29,"column":2},"end":{"line":29,"column":46}},"8":{"start":{"line":30,"column":2},"end":{"line":30,"column":46}},"9":{"start":{"line":31,"column":2},"end":{"line":31,"column":48}},"10":{"start":{"line":32,"column":2},"end":{"line":32,"column":49}},"11":{"start":{"line":33,"column":2},"end":{"line":33,"column":50}},"12":{"start":{"line":34,"column":2},"end":{"line":34,"column":49}},"13":{"start":{"line":39,"column":2},"end":{"line":41,"column":3}},"14":{"start":{"line":40,"column":4},"end":{"line":40,"column":34}},"15":{"start":{"line":48,"column":2},"end":{"line":52,"column":3}},"16":{"start":{"line":49,"column":4},"end":{"line":49,"column":45}},"17":{"start":{"line":51,"column":4},"end":{"line":51,"column":73}},"18":{"start":{"line":58,"column":2},"end":{"line":60,"column":3}},"19":{"start":{"line":59,"column":4},"end":{"line":59,"column":47}},"20":{"start":{"line":66,"column":2},"end":{"line":70,"column":3}},"21":{"start":{"line":67,"column":4},"end":{"line":67,"column":44}},"22":{"start":{"line":69,"column":4},"end":{"line":69,"column":75}},"23":{"start":{"line":76,"column":2},"end":{"line":78,"column":3}},"24":{"start":{"line":77,"column":4},"end":{"line":77,"column":87}},"25":{"start":{"line":84,"column":2},"end":{"line":86,"column":3}},"26":{"start":{"line":85,"column":4},"end":{"line":85,"column":75}},"27":{"start":{"line":91,"column":2},"end":{"line":99,"column":3}},"28":{"start":{"line":93,"column":4},"end":{"line":93,"column":65}},"29":{"start":{"line":94,"column":4},"end":{"line":94,"column":72}},"30":{"start":{"line":95,"column":4},"end":{"line":95,"column":72}},"31":{"start":{"line":98,"column":4},"end":{"line":98,"column":45}},"32":{"start":{"line":104,"column":2},"end":{"line":106,"column":3}},"33":{"start":{"line":105,"column":5},"end":{"line":105,"column":42}},"34":{"start":{"line":112,"column":2},"end":{"line":126,"column":3}},"35":{"start":{"line":113,"column":4},"end":{"line":123,"column":10}},"36":{"start":{"line":125,"column":4},"end":{"line":125,"column":86}},"37":{"start":{"line":131,"column":2},"end":{"line":142,"column":3}},"38":{"start":{"line":132,"column":4},"end":{"line":135,"column":6}},"39":{"start":{"line":137,"column":4},"end":{"line":139,"column":5}},"40":{"start":{"line":138,"column":6},"end":{"line":138,"column":15}},"41":{"start":{"line":141,"column":4},"end":{"line":141,"column":36}},"42":{"start":{"line":147,"column":2},"end":{"line":158,"column":3}},"43":{"start":{"line":148,"column":4},"end":{"line":149,"column":24}},"44":{"start":{"line":151,"column":4},"end":{"line":155,"column":5}},"45":{"start":{"line":152,"column":6},"end":{"line":154,"column":7}},"46":{"start":{"line":153,"column":8},"end":{"line":153,"column":35}},"47":{"start":{"line":157,"column":4},"end":{"line":157,"column":22}},"48":{"start":{"line":164,"column":2},"end":{"line":182,"column":3}},"49":{"start":{"line":165,"column":4},"end":{"line":167,"column":5}},"50":{"start":{"line":166,"column":6},"end":{"line":166,"column":130}},"51":{"start":{"line":169,"column":4},"end":{"line":176,"column":25}},"52":{"start":{"line":178,"column":4},"end":{"line":178,"column":56}},"53":{"start":{"line":179,"column":4},"end":{"line":179,"column":74}},"54":{"start":{"line":181,"column":4},"end":{"line":181,"column":67}},"55":{"start":{"line":188,"column":2},"end":{"line":234,"column":3}},"56":{"start":{"line":189,"column":4},"end":{"line":191,"column":5}},"57":{"start":{"line":190,"column":6},"end":{"line":190,"column":82}},"58":{"start":{"line":192,"column":4},"end":{"line":194,"column":5}},"59":{"start":{"line":193,"column":6},"end":{"line":193,"column":225}},"60":{"start":{"line":195,"column":4},"end":{"line":197,"column":5}},"61":{"start":{"line":196,"column":6},"end":{"line":196,"column":197}},"62":{"start":{"line":198,"column":4},"end":{"line":200,"column":5}},"63":{"start":{"line":199,"column":6},"end":{"line":199,"column":154}},"64":{"start":{"line":201,"column":4},"end":{"line":203,"column":5}},"65":{"start":{"line":202,"column":6},"end":{"line":202,"column":151}},"66":{"start":{"line":204,"column":4},"end":{"line":211,"column":44}},"67":{"start":{"line":214,"column":4},"end":{"line":214,"column":38}},"68":{"start":{"line":215,"column":4},"end":{"line":215,"column":25}},"69":{"start":{"line":216,"column":4},"end":{"line":216,"column":29}},"70":{"start":{"line":218,"column":4},"end":{"line":226,"column":5}},"71":{"start":{"line":219,"column":6},"end":{"line":219,"column":58}},"72":{"start":{"line":221,"column":6},"end":{"line":221,"column":83}},"73":{"start":{"line":222,"column":6},"end":{"line":222,"column":68}},"74":{"start":{"line":223,"column":6},"end":{"line":223,"column":52}},"75":{"start":{"line":225,"column":6},"end":{"line":225,"column":92}},"76":{"start":{"line":228,"column":4},"end":{"line":233,"column":6}},"77":{"start":{"line":240,"column":2},"end":{"line":255,"column":3}},"78":{"start":{"line":241,"column":4},"end":{"line":243,"column":5}},"79":{"start":{"line":242,"column":6},"end":{"line":242,"column":79}},"80":{"start":{"line":244,"column":4},"end":{"line":246,"column":5}},"81":{"start":{"line":245,"column":6},"end":{"line":245,"column":197}},"82":{"start":{"line":247,"column":4},"end":{"line":249,"column":5}},"83":{"start":{"line":248,"column":6},"end":{"line":248,"column":186}},"84":{"start":{"line":250,"column":4},"end":{"line":252,"column":5}},"85":{"start":{"line":251,"column":6},"end":{"line":251,"column":150}},"86":{"start":{"line":254,"column":4},"end":{"line":254,"column":31}},"87":{"start":{"line":260,"column":2},"end":{"line":278,"column":4}}},"branchMap":{"1":{"line":51,"type":"binary-expr","locations":[{"start":{"line":51,"column":11},"end":{"line":51,"column":39}},{"start":{"line":51,"column":43},"end":{"line":51,"column":72}}]},"2":{"line":69,"type":"binary-expr","locations":[{"start":{"line":69,"column":11},"end":{"line":69,"column":40}},{"start":{"line":69,"column":44},"end":{"line":69,"column":74}}]},"3":{"line":77,"type":"binary-expr","locations":[{"start":{"line":77,"column":11},"end":{"line":77,"column":34}},{"start":{"line":77,"column":38},"end":{"line":77,"column":86}}]},"4":{"line":85,"type":"binary-expr","locations":[{"start":{"line":85,"column":12},"end":{"line":85,"column":37}},{"start":{"line":85,"column":43},"end":{"line":85,"column":58}},{"start":{"line":85,"column":64},"end":{"line":85,"column":73}}]},"5":{"line":94,"type":"cond-expr","locations":[{"start":{"line":94,"column":46},"end":{"line":94,"column":59}},{"start":{"line":94,"column":62},"end":{"line":94,"column":71}}]},"6":{"line":95,"type":"cond-expr","locations":[{"start":{"line":95,"column":46},"end":{"line":95,"column":59}},{"start":{"line":95,"column":62},"end":{"line":95,"column":71}}]},"7":{"line":137,"type":"if","locations":[{"start":{"line":137,"column":4},"end":{"line":137,"column":4}},{"start":{"line":137,"column":4},"end":{"line":137,"column":4}}]},"8":{"line":137,"type":"binary-expr","locations":[{"start":{"line":137,"column":8},"end":{"line":137,"column":27}},{"start":{"line":137,"column":31},"end":{"line":137,"column":50}}]},"9":{"line":152,"type":"if","locations":[{"start":{"line":152,"column":6},"end":{"line":152,"column":6}},{"start":{"line":152,"column":6},"end":{"line":152,"column":6}}]},"10":{"line":165,"type":"if","locations":[{"start":{"line":165,"column":4},"end":{"line":165,"column":4}},{"start":{"line":165,"column":4},"end":{"line":165,"column":4}}]},"11":{"line":172,"type":"cond-expr","locations":[{"start":{"line":172,"column":35},"end":{"line":172,"column":51}},{"start":{"line":172,"column":54},"end":{"line":172,"column":58}}]},"12":{"line":173,"type":"cond-expr","locations":[{"start":{"line":173,"column":41},"end":{"line":173,"column":60}},{"start":{"line":173,"column":63},"end":{"line":173,"column":67}}]},"13":{"line":174,"type":"cond-expr","locations":[{"start":{"line":174,"column":31},"end":{"line":174,"column":59}},{"start":{"line":174,"column":62},"end":{"line":174,"column":66}}]},"14":{"line":189,"type":"if","locations":[{"start":{"line":189,"column":4},"end":{"line":189,"column":4}},{"start":{"line":189,"column":4},"end":{"line":189,"column":4}}]},"15":{"line":192,"type":"if","locations":[{"start":{"line":192,"column":4},"end":{"line":192,"column":4}},{"start":{"line":192,"column":4},"end":{"line":192,"column":4}}]},"16":{"line":195,"type":"if","locations":[{"start":{"line":195,"column":4},"end":{"line":195,"column":4}},{"start":{"line":195,"column":4},"end":{"line":195,"column":4}}]},"17":{"line":198,"type":"if","locations":[{"start":{"line":198,"column":4},"end":{"line":198,"column":4}},{"start":{"line":198,"column":4},"end":{"line":198,"column":4}}]},"18":{"line":201,"type":"if","locations":[{"start":{"line":201,"column":4},"end":{"line":201,"column":4}},{"start":{"line":201,"column":4},"end":{"line":201,"column":4}}]},"19":{"line":225,"type":"cond-expr","locations":[{"start":{"line":225,"column":68},"end":{"line":225,"column":69}},{"start":{"line":225,"column":72},"end":{"line":225,"column":91}}]},"20":{"line":241,"type":"if","locations":[{"start":{"line":241,"column":4},"end":{"line":241,"column":4}},{"start":{"line":241,"column":4},"end":{"line":241,"column":4}}]},"21":{"line":244,"type":"if","locations":[{"start":{"line":244,"column":4},"end":{"line":244,"column":4}},{"start":{"line":244,"column":4},"end":{"line":244,"column":4}}]},"22":{"line":247,"type":"if","locations":[{"start":{"line":247,"column":4},"end":{"line":247,"column":4}},{"start":{"line":247,"column":4},"end":{"line":247,"column":4}}]},"23":{"line":250,"type":"if","locations":[{"start":{"line":250,"column":4},"end":{"line":250,"column":4}},{"start":{"line":250,"column":4},"end":{"line":250,"column":4}}]}}}}