TN:
SF:lib/node/scaleMaker.js
FN:1,(anonymous_1)
FN:39,getNthRoot
FN:48,isValidNoteName
FN:58,isScaleTypeDefined
FN:66,isValidScaleName
FN:76,isValidScaleDefinition
FN:84,isPositiveIntegerGreaterThanZero
FN:91,getNoteByInterval
FN:104,getCentsByInterval
FN:112,getIntervalFromA4
FN:131,getIntervalAdjustment
FN:147,getScaleNames
FN:164,getNote
FN:188,makeScale
FN:240,addScale
FNF:15
FNH:15
FNDA:1,(anonymous_1)
FNDA:1,getNthRoot
FNDA:43,isValidNoteName
FNDA:20,isScaleTypeDefined
FNDA:24,isValidScaleName
FNDA:12,isValidScaleDefinition
FNDA:54,isPositiveIntegerGreaterThanZero
FNDA:109,getNoteByInterval
FNDA:91,getCentsByInterval
FNDA:25,getIntervalFromA4
FNDA:21,getIntervalAdjustment
FNDA:1,getScaleNames
FNDA:22,getNote
FNDA:11,makeScale
FNDA:8,addScale
DA:1,1
DA:11,1
DA:25,1
DA:26,1
DA:27,1
DA:28,1
DA:29,1
DA:30,1
DA:31,1
DA:32,1
DA:33,1
DA:34,1
DA:39,1
DA:40,1
DA:48,1
DA:49,43
DA:51,43
DA:58,1
DA:59,20
DA:66,1
DA:67,24
DA:69,24
DA:76,1
DA:77,12
DA:84,1
DA:85,54
DA:91,1
DA:93,109
DA:94,109
DA:95,109
DA:98,109
DA:104,1
DA:105,91
DA:112,1
DA:113,25
DA:125,25
DA:131,1
DA:132,21
DA:137,21
DA:138,11
DA:141,10
DA:147,1
DA:148,1
DA:151,1
DA:152,12
DA:153,12
DA:157,1
DA:164,1
DA:165,22
DA:166,3
DA:169,19
DA:178,19
DA:179,19
DA:181,19
DA:188,1
DA:189,11
DA:190,1
DA:192,10
DA:193,1
DA:195,9
DA:196,1
DA:198,8
DA:199,1
DA:201,7
DA:202,1
DA:204,6
DA:214,6
DA:215,6
DA:216,6
DA:218,6
DA:219,86
DA:221,86
DA:222,86
DA:223,86
DA:225,86
DA:228,6
DA:240,1
DA:241,8
DA:242,1
DA:244,7
DA:245,1
DA:247,6
DA:248,1
DA:250,5
DA:251,1
DA:254,4
DA:260,1
LF:87
LH:87
BRDA:51,1,0,43
BRDA:51,1,1,38
BRDA:69,2,0,24
BRDA:69,2,1,21
BRDA:77,3,0,12
BRDA:77,3,1,9
BRDA:85,4,0,54
BRDA:85,4,1,49
BRDA:85,4,2,48
BRDA:94,5,0,2
BRDA:94,5,1,107
BRDA:95,6,0,1
BRDA:95,6,1,108
BRDA:137,7,0,11
BRDA:137,7,1,10
BRDA:137,8,0,21
BRDA:137,8,1,20
BRDA:152,9,0,12
BRDA:152,9,1,0
BRDA:165,10,0,3
BRDA:165,10,1,19
BRDA:172,11,0,19
BRDA:172,11,1,0
BRDA:173,12,0,8
BRDA:173,12,1,11
BRDA:174,13,0,19
BRDA:174,13,1,0
BRDA:189,14,0,1
BRDA:189,14,1,10
BRDA:192,15,0,1
BRDA:192,15,1,9
BRDA:195,16,0,1
BRDA:195,16,1,8
BRDA:198,17,0,1
BRDA:198,17,1,7
BRDA:201,18,0,1
BRDA:201,18,1,6
BRDA:225,19,0,44
BRDA:225,19,1,42
BRDA:241,20,0,1
BRDA:241,20,1,7
BRDA:244,21,0,1
BRDA:244,21,1,6
BRDA:247,22,0,1
BRDA:247,22,1,5
BRDA:250,23,0,1
BRDA:250,23,1,4
BRF:47
BRH:44
end_of_record
